<?xml version="1.0" encoding="UTF-8"?>
<!-- Generated by org.testng.reporters.JUnitXMLReporter -->
<testsuite ignored="0" hostname="LAPTOP-7IJ15K6L" failures="0" tests="3" name="Default test" time="0.218" errors="0" timestamp="2022-06-02T17:59:33 IST">
  <testcase classname="oPack.ClassFive" name="testFive" time="0.02"/>
  <testcase classname="oPack.ClassFive" name="testFive" time="0.008"/>
  <testcase classname="oPack.ClassFive" name="testFive" time="0.007"/>
</testsuite> <!-- Default test -->
