<?xml version="1.0" encoding="UTF-8"?>
<!-- Generated by org.testng.reporters.JUnitXMLReporter -->
<testsuite ignored="1" hostname="LAPTOP-7IJ15K6L" failures="0" tests="9" name="Test" time="30.09" errors="0" timestamp="2022-06-02T14:39:22 IST">
  <testcase classname="tPack.ClassThree" name="testThree" time="0.02"/>
  <testcase classname="oPack.ClassFour" name="testFour" time="0.006"/>
  <testcase classname="kPack.ClassEight" name="amazon" time="0.009"/>
  <testcase classname="kPack.ClassEight" name="flipkart" time="0.006"/>
  <testcase classname="kPack.ClassEight" name="wallmart" time="0.004"/>
  <testcase classname="kPack.ClassSeven" name="testSeven" time="0.006"/>
  <testcase classname="tPack.ClassTwo" name="testTwo" time="0.002"/>
  <testcase classname="oPack.ClassSix" name="testSix" time="0.003"/>
  <testcase classname="oPack.ClassFive" name="testFive" time="29.863"/>
  <testcase classname="kPack.ClassEight" name="bigbazar" time="0.0">
    <ignored/>
  </testcase> <!-- bigbazar -->
</testsuite> <!-- Test -->
