<?xml version="1.0" encoding="UTF-8"?>
<testng-results ignored="0" total="3" passed="3" failed="0" skipped="0">
  <reporter-output>
  </reporter-output>
  <suite started-at="2022-06-02T17:59:33 IST" name="Default suite" finished-at="2022-06-02T17:59:33 IST" duration-ms="218">
    <groups>
    </groups>
    <test started-at="2022-06-02T17:59:33 IST" name="Default test" finished-at="2022-06-02T17:59:33 IST" duration-ms="218">
      <class name="oPack.ClassFive">
        <test-method signature="testFive(java.lang.String,java.lang.String)[pri:0, instance:oPack.ClassFive@449a4f23]" started-at="2022-06-02T17:59:33 IST" name="testFive" data-provider="getData" finished-at="2022-06-02T17:59:33 IST" duration-ms="20" status="PASS">
          <params>
            <param index="0">
              <value>
                <![CDATA[Gaurav]]>
              </value>
            </param>
            <param index="1">
              <value>
                <![CDATA[1]]>
              </value>
            </param>
          </params>
          <reporter-output>
          </reporter-output>
        </test-method> <!-- testFive -->
        <test-method signature="testFive(java.lang.String,java.lang.String)[pri:0, instance:oPack.ClassFive@449a4f23]" started-at="2022-06-02T17:59:33 IST" name="testFive" data-provider="getData" finished-at="2022-06-02T17:59:33 IST" duration-ms="8" status="PASS">
          <params>
            <param index="0">
              <value>
                <![CDATA[Jyotirmoy]]>
              </value>
            </param>
            <param index="1">
              <value>
                <![CDATA[2]]>
              </value>
            </param>
          </params>
          <reporter-output>
          </reporter-output>
        </test-method> <!-- testFive -->
        <test-method signature="testFive(java.lang.String,java.lang.String)[pri:0, instance:oPack.ClassFive@449a4f23]" started-at="2022-06-02T17:59:33 IST" name="testFive" data-provider="getData" finished-at="2022-06-02T17:59:33 IST" duration-ms="7" status="PASS">
          <params>
            <param index="0">
              <value>
                <![CDATA[Kattapa]]>
              </value>
            </param>
            <param index="1">
              <value>
                <![CDATA[3]]>
              </value>
            </param>
          </params>
          <reporter-output>
          </reporter-output>
        </test-method> <!-- testFive -->
      </class> <!-- oPack.ClassFive -->
    </test> <!-- Default test -->
  </suite> <!-- Default suite -->
</testng-results>
